Removed Pin From Net: NetName=GND Pin=D1-1
Removed Pin From Net: NetName=GND Pin=D2-1
Removed Pin From Net: NetName=GND Pin=D4-1
Removed Pin From Net: NetName=GND Pin=D5-1
Removed Pin From Net: NetName=GND Pin=D6-1
Removed Pin From Net: NetName=GND Pin=D8-1
Removed Pin From Net: NetName=GND Pin=D9-1
Removed Pin From Net: NetName=GND Pin=D10-1
Removed Pin From Net: NetName=GND Pin=D12-1
Removed Pin From Net: NetName=GND Pin=D13-1
Removed Pin From Net: NetName=GND Pin=D14-1
Removed Pin From Net: NetName=GND Pin=D16-1
Removed Pin From Net: NetName=GND Pin=D17-1
Removed Pin From Net: NetName=GND Pin=D18-1
Removed Pin From Net: NetName=GND Pin=D20-1
Removed Pin From Net: NetName=GND Pin=D21-1
Removed Pin From Net: NetName=GND Pin=D22-1
Removed Pin From Net: NetName=GND Pin=D24-1
Removed Pin From Net: NetName=GND Pin=D25-1
Removed Pin From Net: NetName=GND Pin=D26-1
Removed Pin From Net: NetName=GND Pin=D28-1
Removed Pin From Net: NetName=GND Pin=D29-1
Removed Pin From Net: NetName=GND Pin=D30-1
Removed Pin From Net: NetName=GND Pin=D32-1
Removed Pin From Net: NetName=GND Pin=D33-1
Removed Pin From Net: NetName=GND Pin=D34-1
Removed Pin From Net: NetName=GND Pin=D36-1
Removed Pin From Net: NetName=GND Pin=D37-1
Removed Pin From Net: NetName=GND Pin=D38-1
Removed Pin From Net: NetName=GND Pin=D40-1
Removed Pin From Net: NetName=3v3 Pin=R1-2
Removed Pin From Net: NetName=3v3 Pin=R2-2
Removed Pin From Net: NetName=3v3 Pin=R4-2
Removed Pin From Net: NetName=3v3 Pin=R5-2
Removed Pin From Net: NetName=3v3 Pin=R6-2
Removed Pin From Net: NetName=3v3 Pin=R8-2
Removed Pin From Net: NetName=3v3 Pin=R9-2
Removed Pin From Net: NetName=3v3 Pin=R10-2
Removed Pin From Net: NetName=3v3 Pin=R12-2
Removed Pin From Net: NetName=3v3 Pin=R13-2
Removed Pin From Net: NetName=3v3 Pin=R14-2
Removed Pin From Net: NetName=3v3 Pin=R16-2
Removed Pin From Net: NetName=3v3 Pin=R17-2
Removed Pin From Net: NetName=3v3 Pin=R18-2
Removed Pin From Net: NetName=3v3 Pin=R20-2
Removed Pin From Net: NetName=3v3 Pin=R21-2
Removed Pin From Net: NetName=3v3 Pin=R22-2
Removed Pin From Net: NetName=3v3 Pin=R24-2
Removed Pin From Net: NetName=3v3 Pin=R25-2
Removed Pin From Net: NetName=3v3 Pin=R26-2
Removed Pin From Net: NetName=3v3 Pin=R28-2
Removed Pin From Net: NetName=3v3 Pin=R29-2
Removed Pin From Net: NetName=3v3 Pin=R30-2
Removed Pin From Net: NetName=3v3 Pin=R32-2
Removed Pin From Net: NetName=3v3 Pin=R33-2
Removed Pin From Net: NetName=3v3 Pin=R34-2
Removed Pin From Net: NetName=3v3 Pin=R36-2
Removed Pin From Net: NetName=3v3 Pin=R37-2
Removed Pin From Net: NetName=3v3 Pin=R38-2
Removed Pin From Net: NetName=3v3 Pin=R40-2
Removed Member From Class: ClassName=DEMO Member=D1
Removed Member From Class: ClassName=DEMO Member=D2
Removed Member From Class: ClassName=DEMO Member=D4
Removed Member From Class: ClassName=DEMO Member=D5
Removed Member From Class: ClassName=DEMO Member=D6
Removed Member From Class: ClassName=DEMO Member=D8
Removed Member From Class: ClassName=DEMO Member=D9
Removed Member From Class: ClassName=DEMO Member=D10
Removed Member From Class: ClassName=DEMO Member=D12
Removed Member From Class: ClassName=DEMO Member=D13
Removed Member From Class: ClassName=DEMO Member=D14
Removed Member From Class: ClassName=DEMO Member=D16
Removed Member From Class: ClassName=DEMO Member=D17
Removed Member From Class: ClassName=DEMO Member=D18
Removed Member From Class: ClassName=DEMO Member=D20
Removed Member From Class: ClassName=DEMO Member=D21
Removed Member From Class: ClassName=DEMO Member=D22
Removed Member From Class: ClassName=DEMO Member=D24
Removed Member From Class: ClassName=DEMO Member=D25
Removed Member From Class: ClassName=DEMO Member=D26
Removed Member From Class: ClassName=DEMO Member=D28
Removed Member From Class: ClassName=DEMO Member=D29
Removed Member From Class: ClassName=DEMO Member=D30
Removed Member From Class: ClassName=DEMO Member=D32
Removed Member From Class: ClassName=DEMO Member=D33
Removed Member From Class: ClassName=DEMO Member=D34
Removed Member From Class: ClassName=DEMO Member=D36
Removed Member From Class: ClassName=DEMO Member=D37
Removed Member From Class: ClassName=DEMO Member=D38
Removed Member From Class: ClassName=DEMO Member=D40
Removed Member From Class: ClassName=DEMO Member=R1
Removed Member From Class: ClassName=DEMO Member=R2
Removed Member From Class: ClassName=DEMO Member=R4
Removed Member From Class: ClassName=DEMO Member=R5
Removed Member From Class: ClassName=DEMO Member=R6
Removed Member From Class: ClassName=DEMO Member=R8
Removed Member From Class: ClassName=DEMO Member=R9
Removed Member From Class: ClassName=DEMO Member=R10
Removed Member From Class: ClassName=DEMO Member=R12
Removed Member From Class: ClassName=DEMO Member=R13
Removed Member From Class: ClassName=DEMO Member=R14
Removed Member From Class: ClassName=DEMO Member=R16
Removed Member From Class: ClassName=DEMO Member=R17
Removed Member From Class: ClassName=DEMO Member=R18
Removed Member From Class: ClassName=DEMO Member=R20
Removed Member From Class: ClassName=DEMO Member=R21
Removed Member From Class: ClassName=DEMO Member=R22
Removed Member From Class: ClassName=DEMO Member=R24
Removed Member From Class: ClassName=DEMO Member=R25
Removed Member From Class: ClassName=DEMO Member=R26
Removed Member From Class: ClassName=DEMO Member=R28
Removed Member From Class: ClassName=DEMO Member=R29
Removed Member From Class: ClassName=DEMO Member=R30
Removed Member From Class: ClassName=DEMO Member=R32
Removed Member From Class: ClassName=DEMO Member=R33
Removed Member From Class: ClassName=DEMO Member=R34
Removed Member From Class: ClassName=DEMO Member=R36
Removed Member From Class: ClassName=DEMO Member=R37
Removed Member From Class: ClassName=DEMO Member=R38
Removed Member From Class: ClassName=DEMO Member=R40
Added Room: Name=DEMO
